#
# make -j10 -k -s ARCH=arm CROSS_COMPILE=arm-linux-gnueabi- CC="ccache arm-linux-gnueabi-gcc" O=build ebsa110_defconfig
#
#
# configuration written to .config
#
#
# make -j10 -k -s ARCH=arm CROSS_COMPILE=arm-linux-gnueabi- CC="ccache arm-linux-gnueabi-gcc" O=build 
#
In file included from ../kernel/time/hrtimer.c:57:0:
../kernel/time/tick-internal.h: In function 'tick_set_periodic_handler':
../kernel/time/tick-internal.h:114:5: error: dereferencing pointer to incomplete type
../kernel/time/tick-internal.h:114:23: error: 'tick_handle_periodic' undeclared (first use in this function)
../kernel/time/tick-internal.h:114:23: note: each undeclared identifier is reported only once for each function it appears in
make[3]: *** [kernel/time/hrtimer.o] Error 1
In file included from ../kernel/time/timekeeping.c:27:0:
../kernel/time/tick-internal.h: In function 'tick_set_periodic_handler':
../kernel/time/tick-internal.h:114:5: error: dereferencing pointer to incomplete type
../kernel/time/tick-internal.h:114:23: error: 'tick_handle_periodic' undeclared (first use in this function)
../kernel/time/tick-internal.h:114:23: note: each undeclared identifier is reported only once for each function it appears in
make[3]: *** [kernel/time/timekeeping.o] Error 1
In file included from ../kernel/time/clocksource.c:34:0:
../kernel/time/tick-internal.h: In function 'tick_set_periodic_handler':
../kernel/time/tick-internal.h:114:5: error: dereferencing pointer to incomplete type
../kernel/time/tick-internal.h:114:23: error: 'tick_handle_periodic' undeclared (first use in this function)
../kernel/time/tick-internal.h:114:23: note: each undeclared identifier is reported only once for each function it appears in
make[3]: *** [kernel/time/clocksource.o] Error 1
In file included from ../kernel/time/timer_list.c:22:0:
../kernel/time/tick-internal.h: In function 'tick_set_periodic_handler':
../kernel/time/tick-internal.h:114:5: error: dereferencing pointer to incomplete type
../kernel/time/tick-internal.h:114:23: error: 'tick_handle_periodic' undeclared (first use in this function)
../kernel/time/tick-internal.h:114:23: note: each undeclared identifier is reported only once for each function it appears in
make[3]: *** [kernel/time/timer_list.o] Error 1
make[3]: Target `__build' not remade because of errors.
make[2]: *** [kernel/time] Error 2
../kernel/acct.c: In function 'acct_pin_kill':
../kernel/acct.c:174:3: warning: value computed is not used [-Wunused-value]
make[2]: Target `__build' not remade because of errors.
make[1]: *** [kernel] Error 2
make[1]: Target `_all' not remade because of errors.
make: *** [sub-make] Error 2
make: Target `_all' not remade because of errors.
make[2]: *** [mm/migrate.o] Error 1
make[2]: Target `__build' not remade because of errors.
make[1]: *** [mm] Error 2
In file included from ../drivers/dma/xilinx/xilinx_vdma.c:26:0:
../include/linux/dmapool.h:18:4: warning: 'struct device' declared inside parameter list [enabled by default]
../mm/migrate.c: In function 'migrate_pages':
../mm/migrate.c:1148:1: internal compiler error: in push_minipool_fix, at config/arm/arm.c:13101
/home/buildslave/workspace/khilman-kbuilder/stable/arch/arm/kernel/entry-armv.S:363:2: warning: #warning "NPTL on non MMU needs fixing" [-Wcpp]
No valid symbol.
No valid symbol.
/home/buildslave/workspace/khilman-kbuilder/stable/arch/arm/kernel/return_address.c:63:2: warning: #warning "TODO: return_address should use unwind tables" [-Wcpp]
:(.text+0x17003c): undefined reference to `qcom_smem_alloc'
:(.text+0x1700d0): undefined reference to `qcom_smem_get'
:(.text+0x170954): undefined reference to `qcom_smem_get'
:(.text+0x171474): undefined reference to `qcom_smem_get'
:(.text+0x17197c): undefined reference to `qcom_smem_alloc'
:(.text+0x1719d8): undefined reference to `qcom_smem_get'
:(.text+0x171a40): undefined reference to `qcom_smem_alloc'
:(.text+0x171ab4): undefined reference to `qcom_smem_get'
../arch/mips/sgi-ip22/Platform:29: *** gcc doesn't support needed
option -mr10k-cache-barrier=store.  Stop.
"mkimage" command not found - U-Boot images will not be built
/bin/sh: 1: /home/buildslave/workspace/kernel-single-defconfig-builder/defconfig/allmodconfig+CONFIG_OF=n/label/builder/build-x86/tools/objtool//fixdep: Permission denied
/bin/bash: 1: /home/buildslave/workspace/kernel-single-defconfig-builder/defconfig/allmodconfig+CONFIG_OF=n/label/builder/build-x86/tools/objtool//fixdep: Permission denied
/bin/zsh: 1: /home/buildslave/workspace/kernel-single-defconfig-builder/defconfig/allmodconfig+CONFIG_OF=n/label/builder/build-x86/tools/objtool//fixdep: Permission denied
arch/arm64/boot/dts/altera/socfpga_stratix10_socdk.dtb: Warning (interrupts_property): Missing interrupt-parent for /pmu
arch/arm64/boot/dts/broadcom/bcm2837-rpi-3-b.dtb: Warning (phys_property): Missing property '#phy-cells' in node /phy or bad phandle (referred from /soc/usb@7e980000:phys[0])
arch/arm64/boot/dts/mediatek/mt8173-evb.dtb: Warning (cooling_device_property): Missing property '#cooling-cells' in node /cpus/cpu@0 or bad phandle (referred from /thermal-zones/cpu_thermal/cooling-maps/map@0:cooling-device[0])
arch/arm64/boot/dts/rockchip/rk3328-evb.dtb: Warning (interrupts_property): interrupts size is (16), expected multiple of 12 in /tsadc@ff250000
arch/arm64/boot/dts/nvidia/tegra186-p2771-0000.dtb: Warning (power_domains_property): Missing property '#power-domain-cells' in node /bpmp or bad phandle (referred from /gpu@17000000:power-domains[0])
../sound/soc/soc-dapm.c:3940:2: warning: 'w_param_text' may be used uninitialized in this function [-Wmaybe-uninitialized]
